<?xml version="1.0" encoding="UTF-8"?>
<!-- Generated by org.testng.reporters.JUnitXMLReporter -->
<testsuite hostname="Ravi" ignored="0" name="Admin" tests="2" failures="0" timestamp="10 Apr 2020 06:46:50 GMT" time="0.044" errors="0">
  <testcase name="T001_openAdmin" time="0.0" classname="com.htcindia.orange.testcases.AdminUserManagementTest">
    <skipped/>
  </testcase> <!-- T001_openAdmin -->
  <testcase name="T002_searchAdmin" time="0.0" classname="com.htcindia.orange.testcases.AdminUserManagementTest">
    <skipped/>
  </testcase> <!-- T002_searchAdmin -->
</testsuite> <!-- Admin -->
